0 verbose cli E:\NODEJS\node.exe E:\NODEJS\node_modules\npm\bin\npm-cli.js
1 info using npm@11.6.2
2 info using node@v24.12.0
3 silly config load:file:E:\NODEJS\node_modules\npm\npmrc
4 silly config load:file:E:\Vibe-coding\DATA-Process\frontend\.npmrc
5 silly config load:file:C:\Users\Shroud\.npmrc
6 silly config load:file:E:\NODEJS\node_global\etc\npmrc
7 verbose title npm install @types/node
8 verbose argv "install" "--save-dev" "@types/node" "--cache" "./.npm-cache"
9 verbose logfile logs-max:10 dir:E:\Vibe-coding\DATA-Process\frontend\.npm-cache\_logs\2026-04-17T10_25_13_061Z-
10 verbose logfile E:\Vibe-coding\DATA-Process\frontend\.npm-cache\_logs\2026-04-17T10_25_13_061Z-debug-0.log
11 silly logfile done cleaning log files
12 silly packumentCache heap:4496293888 maxSize:1124073472 maxEntrySize:562036736
13 verbose shrinkwrap failed to load node_modules/.package-lock.json out of date, updated: node_modules
14 silly idealTree buildDeps
15 silly fetch manifest @types/node@*
16 silly packumentCache full:https://registry.npmjs.org/@types%2fnode cache-miss
17 http fetch GET 200 https://registry.npmjs.org/@types%2fnode 500ms (cache revalidated)
18 silly packumentCache full:https://registry.npmjs.org/@types%2fnode set size:10972342 disposed:false
19 silly placeDep ROOT @types/node@25.6.0 OK for: study-monitor-frontend@1.0.0 want: *
20 silly fetch manifest undici-types@~7.19.0
21 silly packumentCache full:https://registry.npmjs.org/undici-types cache-miss
22 http fetch GET 200 https://registry.npmjs.org/undici-types 193ms (cache miss)
23 silly packumentCache full:https://registry.npmjs.org/undici-types set size:undefined disposed:false
24 silly placeDep ROOT undici-types@7.19.2 OK for: @types/node@25.6.0 want: ~7.19.0
25 silly reify moves {}
26 silly audit bulk request {
26 silly audit   '@babel/helper-string-parser': [ '7.27.1' ],
26 silly audit   '@babel/helper-validator-identifier': [ '7.28.5' ],
26 silly audit   '@babel/parser': [ '7.29.2' ],
26 silly audit   '@babel/types': [ '7.29.0' ],
26 silly audit   '@esbuild/aix-ppc64': [ '0.25.12' ],
26 silly audit   '@esbuild/android-arm': [ '0.25.12' ],
26 silly audit   '@esbuild/android-arm64': [ '0.25.12' ],
26 silly audit   '@esbuild/android-x64': [ '0.25.12' ],
26 silly audit   '@esbuild/darwin-arm64': [ '0.25.12' ],
26 silly audit   '@esbuild/darwin-x64': [ '0.25.12' ],
26 silly audit   '@esbuild/freebsd-arm64': [ '0.25.12' ],
26 silly audit   '@esbuild/freebsd-x64': [ '0.25.12' ],
26 silly audit   '@esbuild/linux-arm': [ '0.25.12' ],
26 silly audit   '@esbuild/linux-arm64': [ '0.25.12' ],
26 silly audit   '@esbuild/linux-ia32': [ '0.25.12' ],
26 silly audit   '@esbuild/linux-loong64': [ '0.25.12' ],
26 silly audit   '@esbuild/linux-mips64el': [ '0.25.12' ],
26 silly audit   '@esbuild/linux-ppc64': [ '0.25.12' ],
26 silly audit   '@esbuild/linux-riscv64': [ '0.25.12' ],
26 silly audit   '@esbuild/linux-s390x': [ '0.25.12' ],
26 silly audit   '@esbuild/linux-x64': [ '0.25.12' ],
26 silly audit   '@esbuild/netbsd-arm64': [ '0.25.12' ],
26 silly audit   '@esbuild/netbsd-x64': [ '0.25.12' ],
26 silly audit   '@esbuild/openbsd-arm64': [ '0.25.12' ],
26 silly audit   '@esbuild/openbsd-x64': [ '0.25.12' ],
26 silly audit   '@esbuild/openharmony-arm64': [ '0.25.12' ],
26 silly audit   '@esbuild/sunos-x64': [ '0.25.12' ],
26 silly audit   '@esbuild/win32-arm64': [ '0.25.12' ],
26 silly audit   '@esbuild/win32-ia32': [ '0.25.12' ],
26 silly audit   '@esbuild/win32-x64': [ '0.25.12' ],
26 silly audit   '@jridgewell/sourcemap-codec': [ '1.5.5' ],
26 silly audit   '@rollup/rollup-android-arm-eabi': [ '4.60.1' ],
26 silly audit   '@rollup/rollup-android-arm64': [ '4.60.1' ],
26 silly audit   '@rollup/rollup-darwin-arm64': [ '4.60.1' ],
26 silly audit   '@rollup/rollup-darwin-x64': [ '4.60.1' ],
26 silly audit   '@rollup/rollup-freebsd-arm64': [ '4.60.1' ],
26 silly audit   '@rollup/rollup-freebsd-x64': [ '4.60.1' ],
26 silly audit   '@rollup/rollup-linux-arm-gnueabihf': [ '4.60.1' ],
26 silly audit   '@rollup/rollup-linux-arm-musleabihf': [ '4.60.1' ],
26 silly audit   '@rollup/rollup-linux-arm64-gnu': [ '4.60.1' ],
26 silly audit   '@rollup/rollup-linux-arm64-musl': [ '4.60.1' ],
26 silly audit   '@rollup/rollup-linux-loong64-gnu': [ '4.60.1' ],
26 silly audit   '@rollup/rollup-linux-loong64-musl': [ '4.60.1' ],
26 silly audit   '@rollup/rollup-linux-ppc64-gnu': [ '4.60.1' ],
26 silly audit   '@rollup/rollup-linux-ppc64-musl': [ '4.60.1' ],
26 silly audit   '@rollup/rollup-linux-riscv64-gnu': [ '4.60.1' ],
26 silly audit   '@rollup/rollup-linux-riscv64-musl': [ '4.60.1' ],
26 silly audit   '@rollup/rollup-linux-s390x-gnu': [ '4.60.1' ],
26 silly audit   '@rollup/rollup-linux-x64-gnu': [ '4.60.1' ],
26 silly audit   '@rollup/rollup-linux-x64-musl': [ '4.60.1' ],
26 silly audit   '@rollup/rollup-openbsd-x64': [ '4.60.1' ],
26 silly audit   '@rollup/rollup-openharmony-arm64': [ '4.60.1' ],
26 silly audit   '@rollup/rollup-win32-arm64-msvc': [ '4.60.1' ],
26 silly audit   '@rollup/rollup-win32-ia32-msvc': [ '4.60.1' ],
26 silly audit   '@rollup/rollup-win32-x64-gnu': [ '4.60.1' ],
26 silly audit   '@rollup/rollup-win32-x64-msvc': [ '4.60.1' ],
26 silly audit   '@types/estree': [ '1.0.8' ],
26 silly audit   '@vitejs/plugin-vue': [ '5.2.4' ],
26 silly audit   '@volar/language-core': [ '2.4.15' ],
26 silly audit   '@volar/source-map': [ '2.4.15' ],
26 silly audit   '@volar/typescript': [ '2.4.15' ],
26 silly audit   '@vue/compiler-core': [ '3.5.32' ],
26 silly audit   '@vue/compiler-dom': [ '3.5.32' ],
26 silly audit   '@vue/compiler-sfc': [ '3.5.32' ],
26 silly audit   '@vue/compiler-ssr': [ '3.5.32' ],
26 silly audit   '@vue/compiler-vue2': [ '2.7.16' ],
26 silly audit   '@vue/language-core': [ '2.2.12' ],
26 silly audit   '@vue/reactivity': [ '3.5.32' ],
26 silly audit   '@vue/runtime-core': [ '3.5.32' ],
26 silly audit   '@vue/runtime-dom': [ '3.5.32' ],
26 silly audit   '@vue/server-renderer': [ '3.5.32' ],
26 silly audit   '@vue/shared': [ '3.5.32' ],
26 silly audit   'alien-signals': [ '1.0.13' ],
26 silly audit   'balanced-match': [ '1.0.2' ],
26 silly audit   'brace-expansion': [ '2.1.0' ],
26 silly audit   csstype: [ '3.2.3' ],
26 silly audit   'de-indent': [ '1.0.2' ],
26 silly audit   echarts: [ '5.6.0' ],
26 silly audit   entities: [ '7.0.1' ],
26 silly audit   esbuild: [ '0.25.12' ],
26 silly audit   'estree-walker': [ '2.0.2' ],
26 silly audit   fdir: [ '6.5.0' ],
26 silly audit   fsevents: [ '2.3.3' ],
26 silly audit   he: [ '1.2.0' ],
26 silly audit   'magic-string': [ '0.30.21' ],
26 silly audit   minimatch: [ '9.0.9' ],
26 silly audit   'muggle-string': [ '0.4.1' ],
26 silly audit   nanoid: [ '3.3.11' ],
26 silly audit   'path-browserify': [ '1.0.1' ],
26 silly audit   picocolors: [ '1.1.1' ],
26 silly audit   picomatch: [ '4.0.4' ],
26 silly audit   postcss: [ '8.5.10' ],
26 silly audit   rollup: [ '4.60.1' ],
26 silly audit   'source-map-js': [ '1.2.1' ],
26 silly audit   tinyglobby: [ '0.2.16' ],
26 silly audit   tslib: [ '2.3.0' ],
26 silly audit   typescript: [ '5.7.3' ],
26 silly audit   vite: [ '6.4.2' ],
26 silly audit   'vscode-uri': [ '3.1.0' ],
26 silly audit   vue: [ '3.5.32' ],
26 silly audit   'vue-tsc': [ '2.2.12' ],
26 silly audit   zrender: [ '5.6.1' ],
26 silly audit   '@types/node': [ '25.6.0' ],
26 silly audit   'undici-types': [ '7.19.2' ]
26 silly audit }
27 http cache undici-types@https://registry.npmjs.org/undici-types/-/undici-types-7.19.2.tgz 0ms (cache hit)
28 http cache @types/node@https://registry.npmjs.org/@types/node/-/node-25.6.0.tgz 0ms (cache hit)
29 silly tarball no local data for undici-types@https://registry.npmjs.org/undici-types/-/undici-types-7.19.2.tgz. Extracting by manifest.
30 silly tarball no local data for @types/node@https://registry.npmjs.org/@types/node/-/node-25.6.0.tgz. Extracting by manifest.
31 http fetch POST 200 https://registry.npmjs.org/-/npm/v1/security/advisories/bulk 333ms
32 silly audit report {}
33 http fetch GET 200 https://registry.npmjs.org/undici-types/-/undici-types-7.19.2.tgz 680ms (cache miss)
34 http fetch GET 200 https://registry.npmjs.org/@types/node/-/node-25.6.0.tgz 861ms (cache miss)
35 silly ADD node_modules/undici-types
36 silly ADD node_modules/@types/node
37 verbose cwd E:\Vibe-coding\DATA-Process\frontend
38 verbose os Windows_NT 10.0.26100
39 verbose node v24.12.0
40 verbose npm  v11.6.2
41 verbose exit 0
42 info ok
